2022-03-23 20:46:59,484:INFO:Initializing load_model()
2022-03-23 20:46:59,491:INFO:load_model(model_name=deploy_gboost, platform=None, authentication=None, verbose=True)
2022-03-23 20:48:07,398:INFO:Initializing load_model()
2022-03-23 20:48:07,398:INFO:load_model(model_name=deploy_gboost, platform=None, authentication=None, verbose=True)
2022-03-23 20:48:07,498:INFO:Initializing load_model()
2022-03-23 20:48:07,498:INFO:load_model(model_name=deploy_rand_for, platform=None, authentication=None, verbose=True)
2022-03-23 20:48:07,632:INFO:Initializing load_model()
2022-03-23 20:48:07,632:INFO:load_model(model_name=deploy_log_reg, platform=None, authentication=None, verbose=True)
2022-03-23 20:48:19,375:INFO:Initializing load_model()
2022-03-23 20:48:19,375:INFO:load_model(model_name=deploy_gboost, platform=None, authentication=None, verbose=True)
2022-03-23 20:48:19,413:INFO:Initializing load_model()
2022-03-23 20:48:19,413:INFO:load_model(model_name=deploy_rand_for, platform=None, authentication=None, verbose=True)
2022-03-23 20:48:19,533:INFO:Initializing load_model()
2022-03-23 20:48:19,533:INFO:load_model(model_name=deploy_log_reg, platform=None, authentication=None, verbose=True)
2022-03-23 20:50:29,827:INFO:Initializing load_model()
2022-03-23 20:50:29,835:INFO:load_model(model_name=deploy_gboost, platform=None, authentication=None, verbose=True)
2022-03-23 20:50:29,924:INFO:Initializing load_model()
2022-03-23 20:50:29,932:INFO:load_model(model_name=deploy_rand_for, platform=None, authentication=None, verbose=True)
2022-03-23 20:50:30,044:INFO:Initializing load_model()
2022-03-23 20:50:30,044:INFO:load_model(model_name=deploy_log_reg, platform=None, authentication=None, verbose=True)
2022-03-23 20:50:48,437:INFO:Initializing load_model()
2022-03-23 20:50:48,485:INFO:load_model(model_name=deploy_gboost, platform=None, authentication=None, verbose=True)
2022-03-23 20:50:48,589:INFO:Initializing load_model()
2022-03-23 20:50:48,597:INFO:load_model(model_name=deploy_rand_for, platform=None, authentication=None, verbose=True)
2022-03-23 20:50:48,677:INFO:Initializing load_model()
2022-03-23 20:50:48,677:INFO:load_model(model_name=deploy_log_reg, platform=None, authentication=None, verbose=True)
2022-03-23 20:52:26,643:INFO:Initializing load_model()
2022-03-23 20:52:26,645:INFO:load_model(model_name=deploy_gboost, platform=None, authentication=None, verbose=True)
2022-03-23 20:52:26,671:INFO:Initializing load_model()
2022-03-23 20:52:26,679:INFO:load_model(model_name=deploy_rand_for, platform=None, authentication=None, verbose=True)
2022-03-23 20:52:26,795:INFO:Initializing load_model()
2022-03-23 20:52:26,795:INFO:load_model(model_name=deploy_log_reg, platform=None, authentication=None, verbose=True)
2022-03-23 20:54:25,988:INFO:Initializing load_model()
2022-03-23 20:54:25,988:INFO:load_model(model_name=deploy_gboost, platform=None, authentication=None, verbose=True)
2022-03-23 20:54:26,039:INFO:Initializing load_model()
2022-03-23 20:54:26,039:INFO:load_model(model_name=deploy_rand_for, platform=None, authentication=None, verbose=True)
2022-03-23 20:54:26,140:INFO:Initializing load_model()
2022-03-23 20:54:26,155:INFO:load_model(model_name=deploy_log_reg, platform=None, authentication=None, verbose=True)
2022-03-23 20:58:25,730:INFO:Initializing load_model()
2022-03-23 20:58:25,730:INFO:load_model(model_name=deploy_gboost, platform=None, authentication=None, verbose=True)
2022-03-23 20:58:25,786:INFO:Initializing load_model()
2022-03-23 20:58:25,786:INFO:load_model(model_name=deploy_rand_for, platform=None, authentication=None, verbose=True)
2022-03-23 20:58:25,899:INFO:Initializing load_model()
2022-03-23 20:58:25,914:INFO:load_model(model_name=deploy_log_reg, platform=None, authentication=None, verbose=True)
2022-03-23 20:59:07,325:INFO:Initializing predict_model()
2022-03-23 20:59:07,333:INFO:predict_model(estimator=Pipeline(steps=[('dtypes',
                 DataTypes_Auto_infer(categorical_features=['Sex', 'Embarked'],
                                      display_types=False,
                                      features_todrop=['Name', 'Ticket',
                                                       'Cabin'],
                                      id_columns=['PassengerId'],
                                      ml_usecase='classification',
                                      target='Survived')),
                ('imputer',
                 Simple_Imputer(categorical_strategy='not_available',
                                fill_value_categorical=None,
                                fill_value_numerical=None,
                                numeric_s...
                ('binn', 'passthrough'), ('rem_outliers', 'passthrough'),
                ('cluster_all', 'passthrough'),
                ('dummy', Dummify(target='Survived')),
                ('fix_perfect', Remove_100(target='Survived')),
                ('clean_names', Clean_Colum_Names()),
                ('feature_select', 'passthrough'), ('fix_multi', 'passthrough'),
                ('dfs', 'passthrough'), ('pca', 'passthrough'),
                ['trained_model',
                 GradientBoostingClassifier(random_state=691)]]), probability_threshold=None, encoded_labels=False, drift_report=False, raw_score=False, round=4, verbose=True, ml_usecase=MLUsecase.CLASSIFICATION, display=None)
2022-03-23 20:59:07,342:INFO:Checking exceptions
2022-03-23 20:59:07,349:INFO:Preloading libraries
